<?xml version="1.0" encoding="UTF-8"?>
<!-- Generated by org.testng.reporters.JUnitReportReporter -->
<testsuite skipped="0" hostname="LAPTOP-PATGFM90" name="com.jira.apis.Firstsampletest" tests="1" failures="0" timestamp="22 Jun 2020 15:31:43 GMT" time="5.824" errors="0">
  <testcase name="testUserdetail" time="5.824" classname="com.jira.apis.Firstsampletest"/>
</testsuite> <!-- com.jira.apis.Firstsampletest -->
