<?xml version="1.0" encoding="UTF-8"?>
<!-- Generated by org.testng.reporters.JUnitReportReporter -->
<testsuite skipped="0" hostname="LAPTOP-PATGFM90" name="com.jiraapisusingjsonfile.Testjira" tests="1" failures="0" timestamp="22 Jun 2020 17:42:57 GMT" time="4.664" errors="0">
  <testcase name="createSession" time="4.664" classname="com.jiraapisusingjsonfile.Testjira"/>
</testsuite> <!-- com.jiraapisusingjsonfile.Testjira -->
